[2026-04-27 09:51:27 UTC] [INFO] Received orders/create webhook {"order_id":6668221579492,"order_number":1008,"email":"***"}
[2026-04-27 09:51:27 UTC] [DEBUG] GraphQL request {"api_version":"2026-01","query_preview":"query GetFulfillmentPickupPoint($orderId: ID!) {\n    order(id: $orderId) {\n        id\n        fulfillments(first: 10) {\n"}
[2026-04-27 09:51:27 UTC] [WARNING] GraphQL errors in response {"errors":[{"message":"Field 'pickupPoint' doesn't exist on type 'Location'","locations":[{"line":10,"column":17}],"path":["query GetFulfillmentPickupPoint","order","fulfillments","location","pickupPoint"],"extensions":{"code":"undefinedField","typeName":"Location","fieldName":"pickupPoint"}}]}
[2026-04-27 09:51:27 UTC] [INFO] No pickup point externalId found for order {"order_gid":"gid://shopify/Order/6668221579492"}
[2026-04-27 09:51:27 UTC] [INFO] Simulated externalId from shipping line (dev store) {"shipping_title":"Cape Town Warehouse","simulated_external_id":"Ackermans-EXPRESS-1569"}
[2026-04-27 09:51:27 UTC] [DEBUG] Parsed externalId {"external_id":"Ackermans-EXPRESS-1569","courier":"Ackermans","method":"EXPRESS","branch_code":"1569","shipping_line_title":"Ackermans - EXPRESS - 1569","tags":["delivery:express","branch:1569","click-and-collect-express"]}
[2026-04-27 09:51:27 UTC] [INFO] Starting order update {"order_gid":"gid://shopify/Order/6668221579492","shipping_line_title":"Ackermans - EXPRESS - 1569","method":"EXPRESS","branch_code":"1569"}
[2026-04-27 09:51:27 UTC] [DEBUG] GraphQL request {"api_version":"2025-01","query_preview":"query GetShippingLines($orderId: ID!) {\n    order(id: $orderId) {\n        shippingLines(first: 5) {\n            edges {\n"}
[2026-04-27 09:51:28 UTC] [INFO] Original shipping line {"id":"gid://shopify/ShippingLine/5292727435492","title":"Cape Town Warehouse","code":"Cape Town Warehouse","price":"826.21 ZAR"}
[2026-04-27 09:51:28 UTC] [DEBUG] GraphQL request {"api_version":"2025-01","query_preview":"mutation OrderEditBegin($id: ID!) {\n    orderEditBegin(id: $id) {\n        calculatedOrder {\n            id\n        }\n   "}
[2026-04-27 09:51:28 UTC] [DEBUG] Opened order edit session {"calculated_order_id":"gid://shopify/CalculatedOrder/107495620836"}
[2026-04-27 09:51:28 UTC] [DEBUG] GraphQL request {"api_version":"2025-01","query_preview":"mutation OrderEditRemoveShippingLine($id: ID!, $shippingLineId: ID!) {\n    orderEditRemoveShippingLine(id: $id, shipping"}
[2026-04-27 09:51:29 UTC] [DEBUG] Removed shipping line {"calc_line_gid":"gid://shopify/CalculatedShippingLine/5292727435492"}
[2026-04-27 09:51:29 UTC] [DEBUG] GraphQL request {"api_version":"2025-01","query_preview":"mutation OrderEditAddShippingLine($id: ID!, $shippingLine: OrderEditAddShippingLineInput!) {\n    orderEditAddShippingLin"}
[2026-04-27 09:51:29 UTC] [DEBUG] Added new shipping line {"title":"Ackermans - EXPRESS - 1569","price":"826.21 ZAR"}
[2026-04-27 09:51:29 UTC] [DEBUG] GraphQL request {"api_version":"2025-01","query_preview":"mutation OrderEditCommit($id: ID!) {\n    orderEditCommit(id: $id, notifyCustomer: false, staffNote: \"Pickup point title "}
[2026-04-27 09:51:31 UTC] [INFO] Order edit committed {"calculated_order_id":"gid://shopify/CalculatedOrder/107495620836"}
[2026-04-27 09:51:31 UTC] [INFO] Shipping line title updated {"new_title":"Ackermans - EXPRESS - 1569","price":"826.21 ZAR"}
[2026-04-27 09:51:31 UTC] [DEBUG] GraphQL request {"api_version":"2025-01","query_preview":"mutation MetafieldsSet($metafields: [MetafieldsSetInput!]!) {\n    metafieldsSet(metafields: $metafields) {\n        metaf"}
[2026-04-27 09:51:31 UTC] [INFO] Metafields updated {"count":2,"order_gid":"gid://shopify/Order/6668221579492"}
[2026-04-27 09:51:31 UTC] [DEBUG] GraphQL request {"api_version":"2025-01","query_preview":"mutation TagsAdd($id: ID!, $tags: [String!]!) {\n    tagsAdd(id: $id, tags: $tags) {\n        node {\n            id\n      "}
[2026-04-27 09:51:32 UTC] [INFO] Tags added to order {"tags":["delivery:express","branch:1569","click-and-collect-express"],"order_gid":"gid://shopify/Order/6668221579492"}
[2026-04-27 09:51:32 UTC] [INFO] Order update complete {"order_gid":"gid://shopify/Order/6668221579492","success":true,"shippingLineUpdated":true,"metafieldsUpdated":true,"tagsUpdated":true,"error_count":0}
[2026-04-27 09:51:32 UTC] [INFO] Order fully updated with pickup point data {"order_gid":"gid://shopify/Order/6668221579492","courier":"Ackermans","method":"EXPRESS","branch_code":"1569","shipping_line_title":"Ackermans - EXPRESS - 1569","tags":["delivery:express","branch:1569","click-and-collect-express"]}
[2026-04-27 09:57:59 UTC] [INFO] Received orders/create webhook {"order_id":6668190351588,"order_number":1005,"email":"***"}
[2026-04-27 09:57:59 UTC] [DEBUG] GraphQL request {"api_version":"2026-01","query_preview":"query GetFulfillmentPickupPoint($orderId: ID!) {\n    order(id: $orderId) {\n        id\n        fulfillments(first: 10) {\n"}
[2026-04-27 09:58:00 UTC] [WARNING] GraphQL errors in response {"errors":[{"message":"Field 'pickupPoint' doesn't exist on type 'Location'","locations":[{"line":10,"column":17}],"path":["query GetFulfillmentPickupPoint","order","fulfillments","location","pickupPoint"],"extensions":{"code":"undefinedField","typeName":"Location","fieldName":"pickupPoint"}}]}
[2026-04-27 09:58:00 UTC] [INFO] No pickup point externalId found for order {"order_gid":"gid://shopify/Order/6668190351588"}
[2026-04-27 09:58:00 UTC] [INFO] Simulated externalId from shipping line (dev store) {"shipping_title":"Cape Town Warehouse","simulated_external_id":"Ackermans-EXPRESS-1569"}
[2026-04-27 09:58:00 UTC] [DEBUG] Parsed externalId {"external_id":"Ackermans-EXPRESS-1569","courier":"Ackermans","method":"EXPRESS","branch_code":"1569","shipping_line_title":"Ackermans - EXPRESS - 1569","tags":["delivery:express","branch:1569","click-and-collect-express"]}
[2026-04-27 09:58:00 UTC] [INFO] Starting order update {"order_gid":"gid://shopify/Order/6668190351588","shipping_line_title":"Ackermans - EXPRESS - 1569","method":"EXPRESS","branch_code":"1569"}
[2026-04-27 09:58:00 UTC] [DEBUG] GraphQL request {"api_version":"2025-01","query_preview":"query GetShippingLines($orderId: ID!) {\n    order(id: $orderId) {\n        shippingLines(first: 5) {\n            edges {\n"}
[2026-04-27 09:58:00 UTC] [INFO] Original shipping line {"id":"gid://shopify/ShippingLine/5292702400740","title":"Cape Town Warehouse","code":"Cape Town Warehouse","price":"50.71 USD"}
[2026-04-27 09:58:00 UTC] [DEBUG] GraphQL request {"api_version":"2025-01","query_preview":"mutation OrderEditBegin($id: ID!) {\n    orderEditBegin(id: $id) {\n        calculatedOrder {\n            id\n        }\n   "}
[2026-04-27 09:58:01 UTC] [ERROR] orderEditBegin user errors {"errors":[{"field":null,"message":"The order cannot be edited."}]}
[2026-04-27 09:58:01 UTC] [ERROR] Shipping line update failed: orderEditBegin failed: [{"field":null,"message":"The order cannot be edited."}] {"exception":"RuntimeException"}
[2026-04-27 09:58:01 UTC] [DEBUG] GraphQL request {"api_version":"2025-01","query_preview":"mutation MetafieldsSet($metafields: [MetafieldsSetInput!]!) {\n    metafieldsSet(metafields: $metafields) {\n        metaf"}
[2026-04-27 09:58:02 UTC] [INFO] Metafields updated {"count":2,"order_gid":"gid://shopify/Order/6668190351588"}
[2026-04-27 09:58:02 UTC] [DEBUG] GraphQL request {"api_version":"2025-01","query_preview":"mutation TagsAdd($id: ID!, $tags: [String!]!) {\n    tagsAdd(id: $id, tags: $tags) {\n        node {\n            id\n      "}
[2026-04-27 09:58:02 UTC] [INFO] Tags added to order {"tags":["delivery:express","branch:1569","click-and-collect-express"],"order_gid":"gid://shopify/Order/6668190351588"}
[2026-04-27 09:58:02 UTC] [INFO] Order update complete {"order_gid":"gid://shopify/Order/6668190351588","success":false,"shippingLineUpdated":false,"metafieldsUpdated":true,"tagsUpdated":true,"error_count":1}
[2026-04-27 09:58:02 UTC] [ERROR] Order update partially or fully failed {"order_gid":"gid://shopify/Order/6668190351588","errors":["Shipping line update failed: orderEditBegin failed: [{\"field\":null,\"message\":\"The order cannot be edited.\"}]"]}
[2026-04-27 09:58:02 UTC] [ERROR] Unhandled exception in processPickupOrder {"order_gid":"gid://shopify/Order/6668190351588","message":"Order update failed for gid://shopify/Order/6668190351588: Shipping line update failed: orderEditBegin failed: [{\"field\":null,\"message\":\"The order cannot be edited.\"}]","class":"RuntimeException","trace":"#0 C:\\PROJECTS\\shopify-pickup\\webhook_handler.php(106): processPickupOrder('gid://shopify/O...', Array)\n#1 {main}"}
[2026-04-27 10:58:03 UTC] [INFO] Received orders/create webhook {"order_id":6668190351588,"order_number":1005,"email":"***"}
[2026-04-27 10:58:03 UTC] [DEBUG] GraphQL request {"api_version":"2026-01","query_preview":"query GetFulfillmentPickupPoint($orderId: ID!) {\n    order(id: $orderId) {\n        id\n        fulfillments(first: 10) {\n"}
[2026-04-27 10:58:04 UTC] [WARNING] GraphQL errors in response {"errors":[{"message":"Field 'pickupPoint' doesn't exist on type 'Location'","locations":[{"line":10,"column":17}],"path":["query GetFulfillmentPickupPoint","order","fulfillments","location","pickupPoint"],"extensions":{"code":"undefinedField","typeName":"Location","fieldName":"pickupPoint"}}]}
[2026-04-27 10:58:04 UTC] [INFO] No pickup point externalId found for order {"order_gid":"gid://shopify/Order/6668190351588"}
[2026-04-27 10:58:04 UTC] [INFO] Simulated externalId from shipping line (dev store) {"shipping_title":"Cape Town Warehouse","simulated_external_id":"Ackermans-EXPRESS-1569"}
[2026-04-27 10:58:04 UTC] [DEBUG] Parsed externalId {"external_id":"Ackermans-EXPRESS-1569","courier":"Ackermans","method":"EXPRESS","branch_code":"1569","shipping_line_title":"Ackermans - EXPRESS - 1569","tags":["delivery:express","branch:1569","click-and-collect-express"]}
[2026-04-27 10:58:04 UTC] [INFO] Starting order update {"order_gid":"gid://shopify/Order/6668190351588","shipping_line_title":"Ackermans - EXPRESS - 1569","method":"EXPRESS","branch_code":"1569"}
[2026-04-27 10:58:04 UTC] [DEBUG] GraphQL request {"api_version":"2025-01","query_preview":"query GetShippingLines($orderId: ID!) {\n    order(id: $orderId) {\n        shippingLines(first: 5) {\n            edges {\n"}
[2026-04-27 10:58:05 UTC] [INFO] Original shipping line {"id":"gid://shopify/ShippingLine/5292702400740","title":"Cape Town Warehouse","code":"Cape Town Warehouse","price":"50.71 USD"}
[2026-04-27 10:58:05 UTC] [DEBUG] GraphQL request {"api_version":"2025-01","query_preview":"mutation OrderEditBegin($id: ID!) {\n    orderEditBegin(id: $id) {\n        calculatedOrder {\n            id\n        }\n   "}
[2026-04-27 10:58:05 UTC] [ERROR] orderEditBegin user errors {"errors":[{"field":null,"message":"The order cannot be edited."}]}
[2026-04-27 10:58:05 UTC] [ERROR] Shipping line update failed: orderEditBegin failed: [{"field":null,"message":"The order cannot be edited."}] {"exception":"RuntimeException"}
[2026-04-27 10:58:05 UTC] [DEBUG] GraphQL request {"api_version":"2025-01","query_preview":"mutation MetafieldsSet($metafields: [MetafieldsSetInput!]!) {\n    metafieldsSet(metafields: $metafields) {\n        metaf"}
[2026-04-27 10:58:06 UTC] [INFO] Metafields updated {"count":2,"order_gid":"gid://shopify/Order/6668190351588"}
[2026-04-27 10:58:06 UTC] [DEBUG] GraphQL request {"api_version":"2025-01","query_preview":"mutation TagsAdd($id: ID!, $tags: [String!]!) {\n    tagsAdd(id: $id, tags: $tags) {\n        node {\n            id\n      "}
[2026-04-27 10:58:06 UTC] [INFO] Tags added to order {"tags":["delivery:express","branch:1569","click-and-collect-express"],"order_gid":"gid://shopify/Order/6668190351588"}
[2026-04-27 10:58:06 UTC] [INFO] Order update complete {"order_gid":"gid://shopify/Order/6668190351588","success":false,"shippingLineUpdated":false,"metafieldsUpdated":true,"tagsUpdated":true,"error_count":1}
[2026-04-27 10:58:06 UTC] [ERROR] Order update partially or fully failed {"order_gid":"gid://shopify/Order/6668190351588","errors":["Shipping line update failed: orderEditBegin failed: [{\"field\":null,\"message\":\"The order cannot be edited.\"}]"]}
[2026-04-27 10:58:06 UTC] [ERROR] Unhandled exception in processPickupOrder {"order_gid":"gid://shopify/Order/6668190351588","message":"Order update failed for gid://shopify/Order/6668190351588: Shipping line update failed: orderEditBegin failed: [{\"field\":null,\"message\":\"The order cannot be edited.\"}]","class":"RuntimeException","trace":"#0 C:\\PROJECTS\\shopify-pickup\\webhook_handler.php(83): processPickupOrder('gid://shopify/O...', Array)\n#1 {main}"}
[2026-04-27 12:58:07 UTC] [INFO] Received orders/create webhook {"order_id":6668190351588,"order_number":1005,"email":"***"}
[2026-04-27 12:58:07 UTC] [DEBUG] GraphQL request {"api_version":"2026-01","query_preview":"query GetFulfillmentPickupPoint($orderId: ID!) {\n    order(id: $orderId) {\n        id\n        fulfillments(first: 10) {\n"}
[2026-04-27 12:58:08 UTC] [WARNING] GraphQL errors in response {"errors":[{"message":"Field 'pickupPoint' doesn't exist on type 'Location'","locations":[{"line":10,"column":17}],"path":["query GetFulfillmentPickupPoint","order","fulfillments","location","pickupPoint"],"extensions":{"code":"undefinedField","typeName":"Location","fieldName":"pickupPoint"}}]}
[2026-04-27 12:58:08 UTC] [INFO] No pickup point externalId found for order {"order_gid":"gid://shopify/Order/6668190351588"}
[2026-04-27 12:58:08 UTC] [INFO] Simulated externalId from shipping line (dev store) {"shipping_title":"Cape Town Warehouse","simulated_external_id":"Ackermans-EXPRESS-1569"}
[2026-04-27 12:58:08 UTC] [DEBUG] Parsed externalId {"external_id":"Ackermans-EXPRESS-1569","courier":"Ackermans","method":"EXPRESS","branch_code":"1569","shipping_line_title":"Ackermans - EXPRESS - 1569","tags":["delivery:express","branch:1569","click-and-collect-express"]}
[2026-04-27 12:58:08 UTC] [INFO] Starting order update {"order_gid":"gid://shopify/Order/6668190351588","shipping_line_title":"Ackermans - EXPRESS - 1569","method":"EXPRESS","branch_code":"1569"}
[2026-04-27 12:58:08 UTC] [DEBUG] GraphQL request {"api_version":"2025-01","query_preview":"query GetShippingLines($orderId: ID!) {\n    order(id: $orderId) {\n        shippingLines(first: 5) {\n            edges {\n"}
[2026-04-27 12:58:09 UTC] [INFO] Original shipping line {"id":"gid://shopify/ShippingLine/5292702400740","title":"Cape Town Warehouse","code":"Cape Town Warehouse","price":"50.71 USD"}
[2026-04-27 12:58:09 UTC] [DEBUG] GraphQL request {"api_version":"2025-01","query_preview":"mutation OrderEditBegin($id: ID!) {\n    orderEditBegin(id: $id) {\n        calculatedOrder {\n            id\n        }\n   "}
[2026-04-27 12:58:09 UTC] [ERROR] orderEditBegin user errors {"errors":[{"field":null,"message":"The order cannot be edited."}]}
[2026-04-27 12:58:09 UTC] [ERROR] Shipping line update failed: orderEditBegin failed: [{"field":null,"message":"The order cannot be edited."}] {"exception":"RuntimeException"}
[2026-04-27 12:58:09 UTC] [DEBUG] GraphQL request {"api_version":"2025-01","query_preview":"mutation MetafieldsSet($metafields: [MetafieldsSetInput!]!) {\n    metafieldsSet(metafields: $metafields) {\n        metaf"}
[2026-04-27 12:58:10 UTC] [INFO] Metafields updated {"count":2,"order_gid":"gid://shopify/Order/6668190351588"}
[2026-04-27 12:58:10 UTC] [DEBUG] GraphQL request {"api_version":"2025-01","query_preview":"mutation TagsAdd($id: ID!, $tags: [String!]!) {\n    tagsAdd(id: $id, tags: $tags) {\n        node {\n            id\n      "}
[2026-04-27 12:58:10 UTC] [INFO] Tags added to order {"tags":["delivery:express","branch:1569","click-and-collect-express"],"order_gid":"gid://shopify/Order/6668190351588"}
[2026-04-27 12:58:10 UTC] [INFO] Order update complete {"order_gid":"gid://shopify/Order/6668190351588","success":false,"shippingLineUpdated":false,"metafieldsUpdated":true,"tagsUpdated":true,"error_count":1}
[2026-04-27 12:58:10 UTC] [ERROR] Order update partially or fully failed {"order_gid":"gid://shopify/Order/6668190351588","errors":["Shipping line update failed: orderEditBegin failed: [{\"field\":null,\"message\":\"The order cannot be edited.\"}]"]}
[2026-04-27 12:58:10 UTC] [ERROR] Unhandled exception in processPickupOrder {"order_gid":"gid://shopify/Order/6668190351588","message":"Order update failed for gid://shopify/Order/6668190351588: Shipping line update failed: orderEditBegin failed: [{\"field\":null,\"message\":\"The order cannot be edited.\"}]","class":"RuntimeException","trace":"#0 C:\\PROJECTS\\shopify-pickup\\webhook_handler.php(83): processPickupOrder('gid://shopify/O...', Array)\n#1 {main}"}
